0 => 0.0%
2 => 0.0%
4 => 0.0%
3 => 0.0%
5 => 0.0%
1 => 0.0%
6 => 0.0%
7 => 0.0%
7 => 0.0%
7 => 0.0%
7 => 0.0%
7 => 0.0%
7 => 0.0%
7 => 0.0%
7 => 0.0%
7 => 0.0%
7 => 0.0%
7 => 0.0%
7 => 0.0%
7 => 0.0%
7 => 0.0%
7 => 0.0%
7 => 0.0%
7 => 0.0%
7 => 0.0%
7 => 0.0%
7 => 0.0%
7 => 0.0%
7 => 0.0%
7 => 0.0%
7 => 0.0%
7 => 0.0%
7 => 0.0%
7 => 0.0%
7 => 0.0%
7 => 0.0%
7 => 0.0%
7 => 0.0%
7 => 0.0%
7 => 0.0%
7 => 0.0%
7 => 0.0%
7 => 0.0%
7 => 0.0%
7 => 0.0%
7 => 0.0%
7 => 0.0%
7 => 0.0%
7 => 0.0%
7 => 0.0%
7 => 0.0%
7 => 0.0%
7 => 0.0%
7 => 0.0%
7 => 0.0%
7 => 0.0%
7 => 0.0%
7 => 0.0%
7 => 0.0%
7 => 0.0%
7 => 0.0%
7 => 0.0%
7 => 0.0%
7 => 0.0%
7 => 0.0%
7 => 0.0%
7 => 0.0%
7 => 0.0%
7 => 0.0%
7 => 0.0%
7 => 0.0%
7 => 0.0%
7 => 0.0%
7 => 0.0%
7 => 0.0%
7 => 0.0%
7 => 0.0%
7 => 0.0%
7 => 0.0%
7 => 0.0%
7 => 0.0%
7 => 0.0%
7 => 0.0%
7 => 0.0%
7 => 0.0%
7 => 0.0%
7 => 0.0%
7 => 0.0%
7 => 0.0%
7 => 0.0%
7 => 0.0%
7 => 0.0%
7 => 0.0%
7 => 0.0%
7 => 0.0%
7 => 0.0%
7 => 0.0%
7 => 0.0%
7 => 0.0%
7 => 0.0%
7 => 0.0%
7 => 0.0%
7 => 0.0%
7 => 0.0%
7 => 0.0%
7 => 0.0%
7 => 0.0%
7 => 0.0%
7 => 0.0%
7 => 0.0%
7 => 0.0%
7 => 0.0%
7 => 0.0%
7 => 0.0%
7 => 0.0%
7 => 0.0%
7 => 0.0%
7 => 0.0%
Setting up dataset from file 0 to file 1..
Done !

Setting up dataset from file 1 to file 2..
Done !

Setting up dataset from file 2 to file 3..
Done !

Setting up dataset from file 5 to file 6..
Done !

Setting up dataset from file 6 to file 7..
Done !

Setting up dataset from file 7 to file 8..
Done !

Setting up dataset from file 8 to file 10..
Done !

Setting up dataset from file 3 to file 5..
Done !

Shuffling
Shuffling
Shuffling
Shuffling
Shuffling
Shuffling
Shuffling
Shuffling
Done !
0 / 228
1 / 228
2 / 228
3 / 228
4 / 228
5 / 228
6 / 228
0 => 0.0%
2 => 0.0%
7 / 228
3 => 0.0%
4 => 0.0%
1 => 0.0%
5 => 0.0%
6 => 0.0%
7 => 0.0%
9 / 228
7 => 0.0%
11 / 228
7 => 0.0%
13 / 228
7 => 0.0%
15 / 228
7 => 0.0%
17 / 228
7 => 0.0%
19 / 228
7 => 0.0%
21 / 228
7 => 0.0%
23 / 228
7 => 0.0%
25 / 228
7 => 0.0%
27 / 228
7 => 0.0%
29 / 228
7 => 0.0%
31 / 228
7 => 0.0%
33 / 228
7 => 0.0%
35 / 228
7 => 0.0%
37 / 228
7 => 0.0%
39 / 228
7 => 0.0%
41 / 228
7 => 0.0%
43 / 228
7 => 0.0%
45 / 228
7 => 0.0%
47 / 228
7 => 0.0%
49 / 228
7 => 0.0%
51 / 228
7 => 0.0%
53 / 228
7 => 0.0%
55 / 228
7 => 0.0%
57 / 228
7 => 0.0%
59 / 228
7 => 0.0%
61 / 228
7 => 0.0%
63 / 228
7 => 0.0%
65 / 228
7 => 0.0%
67 / 228
7 => 0.0%
69 / 228
7 => 0.0%
71 / 228
7 => 0.0%
73 / 228
7 => 0.0%
75 / 228
7 => 0.0%
77 / 228
7 => 0.0%
79 / 228
7 => 0.0%
81 / 228
7 => 0.0%
83 / 228
7 => 0.0%
85 / 228
7 => 0.0%
87 / 228
7 => 0.0%
89 / 228
7 => 0.0%
91 / 228
7 => 0.0%
93 / 228
7 => 0.0%
95 / 228
7 => 0.0%
97 / 228
7 => 0.0%
99 / 228
7 => 0.0%
101 / 228
7 => 0.0%
103 / 228
7 => 0.0%
105 / 228
7 => 0.0%
107 / 228
7 => 0.0%
109 / 228
7 => 0.0%
111 / 228
7 => 0.0%
113 / 228
7 => 0.0%
115 / 228
7 => 0.0%
117 / 228
7 => 0.0%
119 / 228
7 => 0.0%
121 / 228
7 => 0.0%
123 / 228
7 => 0.0%
125 / 228
7 => 0.0%
127 / 228
7 => 0.0%
129 / 228
7 => 0.0%
131 / 228
7 => 0.0%
133 / 228
7 => 0.0%
135 / 228
7 => 0.0%
137 / 228
7 => 0.0%
139 / 228
7 => 0.0%
141 / 228
7 => 0.0%
143 / 228
7 => 0.0%
145 / 228
7 => 0.0%
147 / 228
7 => 0.0%
149 / 228
7 => 0.0%
151 / 228
7 => 0.0%
153 / 228
7 => 0.0%
155 / 228
7 => 0.0%
157 / 228
7 => 0.0%
159 / 228
7 => 0.0%
161 / 228
7 => 0.0%
163 / 228
7 => 0.0%
165 / 228
7 => 0.0%
167 / 228
7 => 0.0%
169 / 228
7 => 0.0%
171 / 228
7 => 0.0%
173 / 228
7 => 0.0%
175 / 228
7 => 0.0%
177 / 228
7 => 0.0%
179 / 228
7 => 0.0%
181 / 228
7 => 0.0%
183 / 228
7 => 0.0%
185 / 228
7 => 0.0%
187 / 228
7 => 0.0%
189 / 228
7 => 0.0%
191 / 228
7 => 0.0%
193 / 228
7 => 0.0%
195 / 228
7 => 0.0%
197 / 228
199 / 228
7 => 0.0%
7 => 0.0%
201 / 228
7 => 0.0%
203 / 228
205 / 228
7 => 0.0%
7 => 0.0%
207 / 228
7 => 0.0%
209 / 228
211 / 228
7 => 0.0%
7 => 0.0%
213 / 228
7 => 0.0%
215 / 228
7 => 0.0%
217 / 228
7 => 0.0%
219 / 228
7 => 0.0%
221 / 228
7 => 0.0%
223 / 228
7 => 0.0%
225 / 228
7 => 0.0%
227 / 228
7 => 0.0%
%s function took 87455.35707473755 ms
Setting up dataset from file 0 to file 1..
Done !

Setting up dataset from file 1 to file 2..
Done !

Setting up dataset from file 2 to file 3..
Done !

Setting up dataset from file 7 to file 8..
Done !

Setting up dataset from file 6 to file 7..
Done !

Setting up dataset from file 5 to file 6..
Done !

Setting up dataset from file 8 to file 10..
Done !

Setting up dataset from file 3 to file 5..
Done !

Shuffling
Shuffling
Shuffling
Shuffling
Shuffling
Shuffling
Shuffling
Shuffling
Done !
0 / 228
1 / 228
0 => 0.0%
2 / 228
3 / 228
4 / 228
5 / 228
6 / 228
2 => 0.0%
3 => 0.0%
7 / 228
4 => 0.0%
1 => 0.0%
5 => 0.0%
6 => 0.0%
7 => 0.0%
9 / 228
7 => 0.0%
11 / 228
7 => 0.0%
13 / 228
7 => 0.0%
15 / 228
7 => 0.0%
17 / 228
7 => 0.0%
19 / 228
7 => 0.0%
21 / 228
7 => 0.0%
23 / 228
7 => 0.0%
25 / 228
7 => 0.0%
27 / 228
7 => 0.0%
29 / 228
31 / 228
7 => 0.0%
7 => 0.0%
33 / 228
7 => 0.0%
35 / 228
7 => 0.0%
37 / 228
7 => 0.0%
39 / 228
7 => 0.0%
41 / 228
7 => 0.0%
43 / 228
7 => 0.0%
45 / 228
7 => 0.0%
47 / 228
7 => 0.0%
49 / 228
7 => 0.0%
51 / 228
7 => 0.0%
53 / 228
7 => 0.0%
55 / 228
7 => 0.0%
57 / 228
7 => 0.0%
59 / 228
7 => 0.0%
61 / 228
7 => 0.0%
63 / 228
7 => 0.0%
65 / 228
7 => 0.0%
67 / 228
7 => 0.0%
69 / 228
7 => 0.0%
71 / 228
7 => 0.0%
73 / 228
7 => 0.0%
75 / 228
7 => 0.0%
77 / 228
7 => 0.0%
79 / 228
7 => 0.0%
81 / 228
7 => 0.0%
83 / 228
7 => 0.0%
85 / 228
7 => 0.0%
87 / 228
7 => 0.0%
89 / 228
7 => 0.0%
91 / 228
7 => 0.0%
93 / 228
7 => 0.0%
95 / 228
97 / 228
7 => 0.0%
7 => 0.0%
99 / 228
7 => 0.0%
101 / 228
7 => 0.0%
103 / 228
7 => 0.0%
105 / 228
7 => 0.0%
107 / 228
7 => 0.0%
109 / 228
7 => 0.0%
111 / 228
7 => 0.0%
113 / 228
7 => 0.0%
115 / 228
7 => 0.0%
117 / 228
7 => 0.0%
119 / 228
7 => 0.0%
121 / 228
7 => 0.0%
123 / 228
7 => 0.0%
125 / 228
7 => 0.0%
127 / 228
7 => 0.0%
129 / 228
7 => 0.0%
131 / 228
7 => 0.0%
133 / 228
7 => 0.0%
135 / 228
7 => 0.0%
137 / 228
7 => 0.0%
139 / 228
7 => 0.0%
141 / 228
7 => 0.0%
143 / 228
7 => 0.0%
145 / 228
7 => 0.0%
147 / 228
7 => 0.0%
149 / 228
7 => 0.0%
151 / 228
7 => 0.0%
153 / 228
7 => 0.0%
155 / 228
7 => 0.0%
157 / 228
7 => 0.0%
159 / 228
7 => 0.0%
161 / 228
163 / 228
7 => 0.0%
7 => 0.0%
165 / 228
7 => 0.0%
167 / 228
7 => 0.0%
169 / 228
7 => 0.0%
171 / 228
7 => 0.0%
173 / 228
7 => 0.0%
175 / 228
7 => 0.0%
177 / 228
7 => 0.0%
179 / 228
7 => 0.0%
181 / 228
7 => 0.0%
183 / 228
7 => 0.0%
185 / 228
7 => 0.0%
187 / 228
7 => 0.0%
189 / 228
7 => 0.0%
191 / 228
7 => 0.0%
193 / 228
7 => 0.0%
195 / 228
7 => 0.0%
197 / 228
7 => 0.0%
199 / 228
7 => 0.0%
201 / 228
7 => 0.0%
203 / 228
7 => 0.0%
205 / 228
7 => 0.0%
207 / 228
7 => 0.0%
209 / 228
7 => 0.0%
211 / 228
7 => 0.0%
213 / 228
7 => 0.0%
215 / 228
7 => 0.0%
217 / 228
7 => 0.0%
219 / 228
7 => 0.0%
221 / 228
7 => 0.0%
223 / 228
7 => 0.0%
225 / 228
7 => 0.0%
227 / 228
7 => 0.0%
%s function took 85391.53146743774 ms
1 => 0.0%
0 => 0.0%
2 => 0.0%
4 => 0.0%
3 => 0.0%
7 => 0.0%
5 => 0.0%
6 => 0.0%
7 => 0.0%
7 => 0.0%
7 => 0.0%
7 => 0.0%
7 => 0.0%
7 => 0.0%
7 => 0.0%
7 => 0.0%
7 => 0.0%
7 => 0.0%
7 => 0.0%
7 => 0.0%
7 => 0.0%
7 => 0.0%
7 => 0.0%
7 => 0.0%
7 => 0.0%
7 => 0.0%
7 => 0.0%
7 => 0.0%
7 => 0.0%
7 => 0.0%
7 => 0.0%
7 => 0.0%
7 => 0.0%
7 => 0.0%
7 => 0.0%
Setting up dataset from file 0 to file 1..
Done !

Setting up dataset from file 1 to file 2..
Done !

Setting up dataset from file 5 to file 6..
Done !

Setting up dataset from file 3 to file 5..
Done !

Setting up dataset from file 2 to file 3..
Done !

Setting up dataset from file 6 to file 7..
Done !

Setting up dataset from file 7 to file 8..
Done !

Setting up dataset from file 8 to file 10..
Done !

Shuffling
Shuffling
Shuffling
Shuffling
Shuffling
Shuffling
Shuffling
Shuffling
Done !
0 / 228
1 / 228
0 => 0.0%
2 / 228
3 / 228
4 / 228
5 / 228
6 / 228
2 => 0.0%
1 => 0.0%
3 => 0.0%
7 / 228
4 => 0.0%
6 => 0.0%
5 => 0.0%
7 => 0.0%
9 / 228
7 => 0.0%
11 / 228
7 => 0.0%
13 / 228
7 => 0.0%
15 / 228
7 => 0.0%
17 / 228
7 => 0.0%
19 / 228
21 / 228
7 => 0.0%
7 => 0.0%
23 / 228
7 => 0.0%
25 / 228
7 => 0.0%
27 / 228
7 => 0.0%
29 / 228
7 => 0.0%
31 / 228
7 => 0.0%
33 / 228
7 => 0.0%
35 / 228
7 => 0.0%
37 / 228
7 => 0.0%
39 / 228
7 => 0.0%
41 / 228
7 => 0.0%
43 / 228
7 => 0.0%
45 / 228
7 => 0.0%
47 / 228
7 => 0.0%
49 / 228
7 => 0.0%
51 / 228
7 => 0.0%
53 / 228
7 => 0.0%
55 / 228
7 => 0.0%
57 / 228
7 => 0.0%
59 / 228
7 => 0.0%
61 / 228
7 => 0.0%
63 / 228
7 => 0.0%
65 / 228
7 => 0.0%
67 / 228
7 => 0.0%
69 / 228
71 / 228
7 => 0.0%
7 => 0.0%
73 / 228
7 => 0.0%
75 / 228
7 => 0.0%
77 / 228
79 / 228
7 => 0.0%
7 => 0.0%
81 / 228
7 => 0.0%
83 / 228
7 => 0.0%
85 / 228
87 / 228
7 => 0.0%
7 => 0.0%
89 / 228
7 => 0.0%
91 / 228
7 => 0.0%
93 / 228
7 => 0.0%
95 / 228
7 => 0.0%
97 / 228
7 => 0.0%
99 / 228
7 => 0.0%
101 / 228
7 => 0.0%
103 / 228
7 => 0.0%
105 / 228
7 => 0.0%
107 / 228
7 => 0.0%
109 / 228
7 => 0.0%
111 / 228
7 => 0.0%
113 / 228
115 / 228
7 => 0.0%
7 => 0.0%
117 / 228
7 => 0.0%
119 / 228
7 => 0.0%
121 / 228
7 => 0.0%
123 / 228
7 => 0.0%
125 / 228
7 => 0.0%
127 / 228
7 => 0.0%
129 / 228
7 => 0.0%
131 / 228
7 => 0.0%
133 / 228
7 => 0.0%
135 / 228
7 => 0.0%
137 / 228
7 => 0.0%
139 / 228
7 => 0.0%
141 / 228
7 => 0.0%
143 / 228
7 => 0.0%
145 / 228
7 => 0.0%
147 / 228
7 => 0.0%
149 / 228
7 => 0.0%
151 / 228
7 => 0.0%
153 / 228
7 => 0.0%
155 / 228
7 => 0.0%
157 / 228
7 => 0.0%
159 / 228
7 => 0.0%
161 / 228
7 => 0.0%
163 / 228
7 => 0.0%
165 / 228
7 => 0.0%
167 / 228
7 => 0.0%
169 / 228
7 => 0.0%
171 / 228
7 => 0.0%
173 / 228
7 => 0.0%
175 / 228
7 => 0.0%
177 / 228
7 => 0.0%
179 / 228
7 => 0.0%
181 / 228
7 => 0.0%
183 / 228
7 => 0.0%
185 / 228
7 => 0.0%
187 / 228
7 => 0.0%
189 / 228
7 => 0.0%
191 / 228
7 => 0.0%
193 / 228
7 => 0.0%
195 / 228
7 => 0.0%
197 / 228
7 => 0.0%
199 / 228
7 => 0.0%
201 / 228
7 => 0.0%
203 / 228
7 => 0.0%
205 / 228
7 => 0.0%
207 / 228
7 => 0.0%
209 / 228
7 => 0.0%
211 / 228
7 => 0.0%
213 / 228
7 => 0.0%
215 / 228
7 => 0.0%
217 / 228
7 => 0.0%
219 / 228
221 / 228
7 => 0.0%
7 => 0.0%
223 / 228
7 => 0.0%
225 / 228
7 => 0.0%
227 / 228
7 => 0.0%
%s function took 87402.5948047638 ms
0 => 0.0%
2 => 0.0%
3 => 0.0%
4 => 0.0%
1 => 0.0%
5 => 0.0%
6 => 0.0%
7 => 0.0%
7 => 0.0%
7 => 0.0%
7 => 0.0%
7 => 0.0%
7 => 0.0%
7 => 0.0%
7 => 0.0%
7 => 0.0%
7 => 0.0%
7 => 0.0%
7 => 0.0%
7 => 0.0%
7 => 0.0%
7 => 0.0%
7 => 0.0%
7 => 0.0%
7 => 0.0%
7 => 0.0%
7 => 0.0%
7 => 0.0%
7 => 0.0%
7 => 0.0%
7 => 0.0%
7 => 0.0%
7 => 0.0%
7 => 0.0%
7 => 0.0%
7 => 0.0%
7 => 0.0%
7 => 0.0%
7 => 0.0%
7 => 0.0%
7 => 0.0%
7 => 0.0%
7 => 0.0%
7 => 0.0%
7 => 0.0%
7 => 0.0%
7 => 0.0%
7 => 0.0%
7 => 0.0%
7 => 0.0%
7 => 0.0%
7 => 0.0%
7 => 0.0%
7 => 0.0%
7 => 0.0%
7 => 0.0%
7 => 0.0%
7 => 0.0%
7 => 0.0%
7 => 0.0%
7 => 0.0%
7 => 0.0%
7 => 0.0%
7 => 0.0%
7 => 0.0%
7 => 0.0%
7 => 0.0%
7 => 0.0%
7 => 0.0%
7 => 0.0%
7 => 0.0%
7 => 0.0%
7 => 0.0%
7 => 0.0%
7 => 0.0%
7 => 0.0%
7 => 0.0%
7 => 0.0%
7 => 0.0%
7 => 0.0%
7 => 0.0%
7 => 0.0%
7 => 0.0%
7 => 0.0%
7 => 0.0%
7 => 0.0%
7 => 0.0%
7 => 0.0%
7 => 0.0%
7 => 0.0%
7 => 0.0%
7 => 0.0%
7 => 0.0%
7 => 0.0%
7 => 0.0%
7 => 0.0%
7 => 0.0%
7 => 0.0%
7 => 0.0%
7 => 0.0%
7 => 0.0%
7 => 0.0%
7 => 0.0%
7 => 0.0%
7 => 0.0%
7 => 0.0%
7 => 0.0%
7 => 0.0%
7 => 0.0%
7 => 0.0%
7 => 0.0%
7 => 0.0%
7 => 0.0%
7 => 0.0%
7 => 0.0%
7 => 0.0%
7 => 0.0%
7 => 0.0%
